<?xml version="1.0" encoding="UTF-8"?>
<testng-results skipped="0" failed="0" ignored="0" total="1" passed="1">
  <reporter-output>
  </reporter-output>
  <suite name="Default suite" duration-ms="7005" started-at="2022-06-02T18:17:09 IST" finished-at="2022-06-02T18:17:16 IST">
    <groups>
    </groups>
    <test name="Default test" duration-ms="7005" started-at="2022-06-02T18:17:09 IST" finished-at="2022-06-02T18:17:16 IST">
      <class name="com.salesforce.test.TestClass">
        <test-method status="PASS" signature="TestCase()[pri:0, instance:com.salesforce.test.TestClass@78e67e0a]" name="TestCase" duration-ms="6953" started-at="2022-06-02T18:17:09 IST" finished-at="2022-06-02T18:17:16 IST">
          <reporter-output>
          </reporter-output>
        </test-method> <!-- TestCase -->
      </class> <!-- com.salesforce.test.TestClass -->
    </test> <!-- Default test -->
  </suite> <!-- Default suite -->
</testng-results>
